<testsuites id="" name="" tests="12" failures="10" skipped="0" errors="0" time="36.602268">
<testsuite name="smoke-auth-nav.spec.ts" timestamp="2025-10-02T19:18:51.558Z" hostname="chromium" tests="6" failures="5" skipped="0" time="121.989" errors="0">
<testcase name="Smoke Tests - Autenticação e Navegação @smoke › Login como admin redireciona para /app" classname="smoke-auth-nav.spec.ts" time="30.536">
<failure message="smoke-auth-nav.spec.ts:12:7 Login como admin redireciona para /app" type="FAILURE">
<![CDATA[  [chromium] › smoke-auth-nav.spec.ts:12:7 › Smoke Tests - Autenticação e Navegação @smoke › Login como admin redireciona para /app 

    Test timeout of 30000ms exceeded.

    Error: page.waitForURL: Test timeout of 30000ms exceeded.
    =========================== logs ===========================
    waiting for navigation to "/app" until "load"
    ============================================================

       at ..\utils\test-helpers.ts:18

      16 |     
      17 |     // Aguardar redirecionamento para /app
    > 18 |     await this.page.waitForURL('/app');
         |                     ^
      19 |     await this.page.waitForLoadState('networkidle');
      20 |   }
      21 |
        at TestHelpers.loginAsAdmin (C:\Projetos\Organizacao10x\web\tests\e2e\utils\test-helpers.ts:18:21)
        at C:\Projetos\Organizacao10x\web\tests\e2e\specs\smoke-auth-nav.spec.ts:13:5

    attachment #1: screenshot (image/png) ──────────────────────────────────────────────────────────
    ..\..\..\test-results\smoke-auth-nav-Smoke-Tests-11b3c--admin-redireciona-para-app-chromium\test-failed-1.png
    ────────────────────────────────────────────────────────────────────────────────────────────────

    attachment #2: video (video/webm) ──────────────────────────────────────────────────────────────
    ..\..\..\test-results\smoke-auth-nav-Smoke-Tests-11b3c--admin-redireciona-para-app-chromium\video.webm
    ────────────────────────────────────────────────────────────────────────────────────────────────

    Error Context: ..\..\..\test-results\smoke-auth-nav-Smoke-Tests-11b3c--admin-redireciona-para-app-chromium\error-context.md
]]>
</failure>
<system-out>
<![CDATA[
[[ATTACHMENT|smoke-auth-nav-Smoke-Tests-11b3c--admin-redireciona-para-app-chromium\test-failed-1.png]]

[[ATTACHMENT|smoke-auth-nav-Smoke-Tests-11b3c--admin-redireciona-para-app-chromium\video.webm]]

[[ATTACHMENT|smoke-auth-nav-Smoke-Tests-11b3c--admin-redireciona-para-app-chromium\error-context.md]]
]]>
</system-out>
</testcase>
<testcase name="Smoke Tests - Autenticação e Navegação @smoke › Login como trainer redireciona para /app" classname="smoke-auth-nav.spec.ts" time="30.541">
<failure message="smoke-auth-nav.spec.ts:17:7 Login como trainer redireciona para /app" type="FAILURE">
<![CDATA[  [chromium] › smoke-auth-nav.spec.ts:17:7 › Smoke Tests - Autenticação e Navegação @smoke › Login como trainer redireciona para /app 

    Test timeout of 30000ms exceeded.

    Error: page.waitForURL: Test timeout of 30000ms exceeded.
    =========================== logs ===========================
    waiting for navigation to "/app" until "load"
    ============================================================

       at ..\utils\test-helpers.ts:32

      30 |     
      31 |     // Aguardar redirecionamento para /app
    > 32 |     await this.page.waitForURL('/app');
         |                     ^
      33 |     await this.page.waitForLoadState('networkidle');
      34 |   }
      35 |
        at TestHelpers.loginAsTrainer (C:\Projetos\Organizacao10x\web\tests\e2e\utils\test-helpers.ts:32:21)
        at C:\Projetos\Organizacao10x\web\tests\e2e\specs\smoke-auth-nav.spec.ts:18:5

    attachment #1: screenshot (image/png) ──────────────────────────────────────────────────────────
    ..\..\..\test-results\smoke-auth-nav-Smoke-Tests-89cff-rainer-redireciona-para-app-chromium\test-failed-1.png
    ────────────────────────────────────────────────────────────────────────────────────────────────

    attachment #2: video (video/webm) ──────────────────────────────────────────────────────────────
    ..\..\..\test-results\smoke-auth-nav-Smoke-Tests-89cff-rainer-redireciona-para-app-chromium\video.webm
    ────────────────────────────────────────────────────────────────────────────────────────────────

    Error Context: ..\..\..\test-results\smoke-auth-nav-Smoke-Tests-89cff-rainer-redireciona-para-app-chromium\error-context.md
]]>
</failure>
<system-out>
<![CDATA[
[[ATTACHMENT|smoke-auth-nav-Smoke-Tests-89cff-rainer-redireciona-para-app-chromium\test-failed-1.png]]

[[ATTACHMENT|smoke-auth-nav-Smoke-Tests-89cff-rainer-redireciona-para-app-chromium\video.webm]]

[[ATTACHMENT|smoke-auth-nav-Smoke-Tests-89cff-rainer-redireciona-para-app-chromium\error-context.md]]
]]>
</system-out>
</testcase>
<testcase name="Smoke Tests - Autenticação e Navegação @smoke › Página de login carrega corretamente" classname="smoke-auth-nav.spec.ts" time="2.819">
</testcase>
<testcase name="Smoke Tests - Autenticação e Navegação @smoke › Navegação após login funciona" classname="smoke-auth-nav.spec.ts" time="30.506">
<failure message="smoke-auth-nav.spec.ts:28:7 Navegação após login funciona" type="FAILURE">
<![CDATA[  [chromium] › smoke-auth-nav.spec.ts:28:7 › Smoke Tests - Autenticação e Navegação @smoke › Navegação após login funciona 

    Test timeout of 30000ms exceeded.

    Error: page.waitForURL: Test timeout of 30000ms exceeded.
    =========================== logs ===========================
    waiting for navigation to "/app" until "load"
    ============================================================

       at ..\utils\test-helpers.ts:18

      16 |     
      17 |     // Aguardar redirecionamento para /app
    > 18 |     await this.page.waitForURL('/app');
         |                     ^
      19 |     await this.page.waitForLoadState('networkidle');
      20 |   }
      21 |
        at TestHelpers.loginAsAdmin (C:\Projetos\Organizacao10x\web\tests\e2e\utils\test-helpers.ts:18:21)
        at C:\Projetos\Organizacao10x\web\tests\e2e\specs\smoke-auth-nav.spec.ts:29:5

    attachment #1: screenshot (image/png) ──────────────────────────────────────────────────────────
    ..\..\..\test-results\smoke-auth-nav-Smoke-Tests-94b1c-vegação-após-login-funciona-chromium\test-failed-1.png
    ────────────────────────────────────────────────────────────────────────────────────────────────

    attachment #2: video (video/webm) ──────────────────────────────────────────────────────────────
    ..\..\..\test-results\smoke-auth-nav-Smoke-Tests-94b1c-vegação-após-login-funciona-chromium\video.webm
    ────────────────────────────────────────────────────────────────────────────────────────────────

    Error Context: ..\..\..\test-results\smoke-auth-nav-Smoke-Tests-94b1c-vegação-após-login-funciona-chromium\error-context.md
]]>
</failure>
<system-out>
<![CDATA[
[[ATTACHMENT|smoke-auth-nav-Smoke-Tests-94b1c-vegação-após-login-funciona-chromium\test-failed-1.png]]

[[ATTACHMENT|smoke-auth-nav-Smoke-Tests-94b1c-vegação-após-login-funciona-chromium\video.webm]]

[[ATTACHMENT|smoke-auth-nav-Smoke-Tests-94b1c-vegação-após-login-funciona-chromium\error-context.md]]
]]>
</system-out>
</testcase>
<testcase name="Smoke Tests - Autenticação e Navegação @smoke › Skeletons exibidos durante carregamento" classname="smoke-auth-nav.spec.ts" time="13.671">
<failure message="smoke-auth-nav.spec.ts:48:7 Skeletons exibidos durante carregamento" type="FAILURE">
<![CDATA[  [chromium] › smoke-auth-nav.spec.ts:48:7 › Smoke Tests - Autenticação e Navegação @smoke › Skeletons exibidos durante carregamento 

    Error: page.goto: net::ERR_TOO_MANY_REDIRECTS at http://localhost:3000/app/students
    Call log:
      - navigating to "http://localhost:3000/app/students", waiting until "load"


      48 |   test('Skeletons exibidos durante carregamento', async ({ page }) => {
      49 |     // Navegar para Students e verificar skeleton
    > 50 |     await page.goto('/app/students');
         |                ^
      51 |     
      52 |     // Verificar se há skeleton (pode não aparecer se carregar muito rápido)
      53 |     const skeleton = page.locator(TEST_IDS.skeleton);
        at C:\Projetos\Organizacao10x\web\tests\e2e\specs\smoke-auth-nav.spec.ts:50:16

    attachment #1: screenshot (image/png) ──────────────────────────────────────────────────────────
    ..\..\..\test-results\smoke-auth-nav-Smoke-Tests-d8f11-ibidos-durante-carregamento-chromium\test-failed-1.png
    ────────────────────────────────────────────────────────────────────────────────────────────────

    attachment #2: video (video/webm) ──────────────────────────────────────────────────────────────
    ..\..\..\test-results\smoke-auth-nav-Smoke-Tests-d8f11-ibidos-durante-carregamento-chromium\video.webm
    ────────────────────────────────────────────────────────────────────────────────────────────────
]]>
</failure>
<system-out>
<![CDATA[
[[ATTACHMENT|smoke-auth-nav-Smoke-Tests-d8f11-ibidos-durante-carregamento-chromium\test-failed-1.png]]

[[ATTACHMENT|smoke-auth-nav-Smoke-Tests-d8f11-ibidos-durante-carregamento-chromium\video.webm]]
]]>
</system-out>
</testcase>
<testcase name="Smoke Tests - Autenticação e Navegação @smoke › Performance headers presentes nas rotas principais" classname="smoke-auth-nav.spec.ts" time="13.916">
<failure message="smoke-auth-nav.spec.ts:62:7 Performance headers presentes nas rotas principais" type="FAILURE">
<![CDATA[  [chromium] › smoke-auth-nav.spec.ts:62:7 › Smoke Tests - Autenticação e Navegação @smoke › Performance headers presentes nas rotas principais 

    Error: page.goto: net::ERR_TOO_MANY_REDIRECTS at http://localhost:3000/app/students
    Call log:
      - navigating to "http://localhost:3000/app/students", waiting until "load"


      65 |     await page.waitForLoadState('networkidle');
      66 |     
    > 67 |     await page.goto('/app/students');
         |                ^
      68 |     await page.waitForLoadState('networkidle');
      69 |     
      70 |     await page.goto('/app/kanban');
        at C:\Projetos\Organizacao10x\web\tests\e2e\specs\smoke-auth-nav.spec.ts:67:16

    attachment #1: screenshot (image/png) ──────────────────────────────────────────────────────────
    ..\..\..\test-results\smoke-auth-nav-Smoke-Tests-fa077-sentes-nas-rotas-principais-chromium\test-failed-1.png
    ────────────────────────────────────────────────────────────────────────────────────────────────

    attachment #2: video (video/webm) ──────────────────────────────────────────────────────────────
    ..\..\..\test-results\smoke-auth-nav-Smoke-Tests-fa077-sentes-nas-rotas-principais-chromium\video.webm
    ────────────────────────────────────────────────────────────────────────────────────────────────
]]>
</failure>
<system-out>
<![CDATA[
[[ATTACHMENT|smoke-auth-nav-Smoke-Tests-fa077-sentes-nas-rotas-principais-chromium\test-failed-1.png]]

[[ATTACHMENT|smoke-auth-nav-Smoke-Tests-fa077-sentes-nas-rotas-principais-chromium\video.webm]]
]]>
</system-out>
</testcase>
</testsuite>
<testsuite name="smoke-auth-nav.spec.ts" timestamp="2025-10-02T19:18:51.558Z" hostname="firefox" tests="6" failures="5" skipped="0" time="118.317" errors="0">
<testcase name="Smoke Tests - Autenticação e Navegação @smoke › Login como admin redireciona para /app" classname="smoke-auth-nav.spec.ts" time="30.102">
<failure message="smoke-auth-nav.spec.ts:12:7 Login como admin redireciona para /app" type="FAILURE">
<![CDATA[  [firefox] › smoke-auth-nav.spec.ts:12:7 › Smoke Tests - Autenticação e Navegação @smoke › Login como admin redireciona para /app 

    Test timeout of 30000ms exceeded.

    Error: page.waitForURL: Test timeout of 30000ms exceeded.
    =========================== logs ===========================
    waiting for navigation to "/app" until "load"
    ============================================================

       at ..\utils\test-helpers.ts:18

      16 |     
      17 |     // Aguardar redirecionamento para /app
    > 18 |     await this.page.waitForURL('/app');
         |                     ^
      19 |     await this.page.waitForLoadState('networkidle');
      20 |   }
      21 |
        at TestHelpers.loginAsAdmin (C:\Projetos\Organizacao10x\web\tests\e2e\utils\test-helpers.ts:18:21)
        at C:\Projetos\Organizacao10x\web\tests\e2e\specs\smoke-auth-nav.spec.ts:13:5

    attachment #1: screenshot (image/png) ──────────────────────────────────────────────────────────
    ..\..\..\test-results\smoke-auth-nav-Smoke-Tests-11b3c--admin-redireciona-para-app-firefox\test-failed-1.png
    ────────────────────────────────────────────────────────────────────────────────────────────────

    attachment #2: video (video/webm) ──────────────────────────────────────────────────────────────
    ..\..\..\test-results\smoke-auth-nav-Smoke-Tests-11b3c--admin-redireciona-para-app-firefox\video.webm
    ────────────────────────────────────────────────────────────────────────────────────────────────

    Error Context: ..\..\..\test-results\smoke-auth-nav-Smoke-Tests-11b3c--admin-redireciona-para-app-firefox\error-context.md
]]>
</failure>
<system-out>
<![CDATA[
[[ATTACHMENT|smoke-auth-nav-Smoke-Tests-11b3c--admin-redireciona-para-app-firefox\test-failed-1.png]]

[[ATTACHMENT|smoke-auth-nav-Smoke-Tests-11b3c--admin-redireciona-para-app-firefox\video.webm]]

[[ATTACHMENT|smoke-auth-nav-Smoke-Tests-11b3c--admin-redireciona-para-app-firefox\error-context.md]]
]]>
</system-out>
</testcase>
<testcase name="Smoke Tests - Autenticação e Navegação @smoke › Login como trainer redireciona para /app" classname="smoke-auth-nav.spec.ts" time="30.102">
<failure message="smoke-auth-nav.spec.ts:17:7 Login como trainer redireciona para /app" type="FAILURE">
<![CDATA[  [firefox] › smoke-auth-nav.spec.ts:17:7 › Smoke Tests - Autenticação e Navegação @smoke › Login como trainer redireciona para /app 

    Test timeout of 30000ms exceeded.

    Error: page.waitForURL: Test timeout of 30000ms exceeded.
    =========================== logs ===========================
    waiting for navigation to "/app" until "load"
    ============================================================

       at ..\utils\test-helpers.ts:32

      30 |     
      31 |     // Aguardar redirecionamento para /app
    > 32 |     await this.page.waitForURL('/app');
         |                     ^
      33 |     await this.page.waitForLoadState('networkidle');
      34 |   }
      35 |
        at TestHelpers.loginAsTrainer (C:\Projetos\Organizacao10x\web\tests\e2e\utils\test-helpers.ts:32:21)
        at C:\Projetos\Organizacao10x\web\tests\e2e\specs\smoke-auth-nav.spec.ts:18:5

    attachment #1: screenshot (image/png) ──────────────────────────────────────────────────────────
    ..\..\..\test-results\smoke-auth-nav-Smoke-Tests-89cff-rainer-redireciona-para-app-firefox\test-failed-1.png
    ────────────────────────────────────────────────────────────────────────────────────────────────

    attachment #2: video (video/webm) ──────────────────────────────────────────────────────────────
    ..\..\..\test-results\smoke-auth-nav-Smoke-Tests-89cff-rainer-redireciona-para-app-firefox\video.webm
    ────────────────────────────────────────────────────────────────────────────────────────────────

    Error Context: ..\..\..\test-results\smoke-auth-nav-Smoke-Tests-89cff-rainer-redireciona-para-app-firefox\error-context.md
]]>
</failure>
<system-out>
<![CDATA[
[[ATTACHMENT|smoke-auth-nav-Smoke-Tests-89cff-rainer-redireciona-para-app-firefox\test-failed-1.png]]

[[ATTACHMENT|smoke-auth-nav-Smoke-Tests-89cff-rainer-redireciona-para-app-firefox\video.webm]]

[[ATTACHMENT|smoke-auth-nav-Smoke-Tests-89cff-rainer-redireciona-para-app-firefox\error-context.md]]
]]>
</system-out>
</testcase>
<testcase name="Smoke Tests - Autenticação e Navegação @smoke › Página de login carrega corretamente" classname="smoke-auth-nav.spec.ts" time="5.3">
</testcase>
<testcase name="Smoke Tests - Autenticação e Navegação @smoke › Navegação após login funciona" classname="smoke-auth-nav.spec.ts" time="30.099">
<failure message="smoke-auth-nav.spec.ts:28:7 Navegação após login funciona" type="FAILURE">
<![CDATA[  [firefox] › smoke-auth-nav.spec.ts:28:7 › Smoke Tests - Autenticação e Navegação @smoke › Navegação após login funciona 

    Test timeout of 30000ms exceeded.

    Error: page.waitForURL: Test timeout of 30000ms exceeded.
    =========================== logs ===========================
    waiting for navigation to "/app" until "load"
    ============================================================

       at ..\utils\test-helpers.ts:18

      16 |     
      17 |     // Aguardar redirecionamento para /app
    > 18 |     await this.page.waitForURL('/app');
         |                     ^
      19 |     await this.page.waitForLoadState('networkidle');
      20 |   }
      21 |
        at TestHelpers.loginAsAdmin (C:\Projetos\Organizacao10x\web\tests\e2e\utils\test-helpers.ts:18:21)
        at C:\Projetos\Organizacao10x\web\tests\e2e\specs\smoke-auth-nav.spec.ts:29:5

    attachment #1: screenshot (image/png) ──────────────────────────────────────────────────────────
    ..\..\..\test-results\smoke-auth-nav-Smoke-Tests-94b1c-vegação-após-login-funciona-firefox\test-failed-1.png
    ────────────────────────────────────────────────────────────────────────────────────────────────

    attachment #2: video (video/webm) ──────────────────────────────────────────────────────────────
    ..\..\..\test-results\smoke-auth-nav-Smoke-Tests-94b1c-vegação-após-login-funciona-firefox\video.webm
    ────────────────────────────────────────────────────────────────────────────────────────────────

    Error Context: ..\..\..\test-results\smoke-auth-nav-Smoke-Tests-94b1c-vegação-após-login-funciona-firefox\error-context.md
]]>
</failure>
<system-out>
<![CDATA[
[[ATTACHMENT|smoke-auth-nav-Smoke-Tests-94b1c-vegação-após-login-funciona-firefox\test-failed-1.png]]

[[ATTACHMENT|smoke-auth-nav-Smoke-Tests-94b1c-vegação-após-login-funciona-firefox\video.webm]]

[[ATTACHMENT|smoke-auth-nav-Smoke-Tests-94b1c-vegação-após-login-funciona-firefox\error-context.md]]
]]>
</system-out>
</testcase>
<testcase name="Smoke Tests - Autenticação e Navegação @smoke › Skeletons exibidos durante carregamento" classname="smoke-auth-nav.spec.ts" time="12.484">
<failure message="smoke-auth-nav.spec.ts:48:7 Skeletons exibidos durante carregamento" type="FAILURE">
<![CDATA[  [firefox] › smoke-auth-nav.spec.ts:48:7 › Smoke Tests - Autenticação e Navegação @smoke › Skeletons exibidos durante carregamento 

    Error: page.goto: NS_ERROR_REDIRECT_LOOP
    Call log:
      - navigating to "http://localhost:3000/app/students", waiting until "load"


      48 |   test('Skeletons exibidos durante carregamento', async ({ page }) => {
      49 |     // Navegar para Students e verificar skeleton
    > 50 |     await page.goto('/app/students');
         |                ^
      51 |     
      52 |     // Verificar se há skeleton (pode não aparecer se carregar muito rápido)
      53 |     const skeleton = page.locator(TEST_IDS.skeleton);
        at C:\Projetos\Organizacao10x\web\tests\e2e\specs\smoke-auth-nav.spec.ts:50:16

    attachment #1: screenshot (image/png) ──────────────────────────────────────────────────────────
    ..\..\..\test-results\smoke-auth-nav-Smoke-Tests-d8f11-ibidos-durante-carregamento-firefox\test-failed-1.png
    ────────────────────────────────────────────────────────────────────────────────────────────────

    attachment #2: video (video/webm) ──────────────────────────────────────────────────────────────
    ..\..\..\test-results\smoke-auth-nav-Smoke-Tests-d8f11-ibidos-durante-carregamento-firefox\video.webm
    ────────────────────────────────────────────────────────────────────────────────────────────────

    Error Context: ..\..\..\test-results\smoke-auth-nav-Smoke-Tests-d8f11-ibidos-durante-carregamento-firefox\error-context.md
]]>
</failure>
<system-out>
<![CDATA[
[[ATTACHMENT|smoke-auth-nav-Smoke-Tests-d8f11-ibidos-durante-carregamento-firefox\test-failed-1.png]]

[[ATTACHMENT|smoke-auth-nav-Smoke-Tests-d8f11-ibidos-durante-carregamento-firefox\video.webm]]

[[ATTACHMENT|smoke-auth-nav-Smoke-Tests-d8f11-ibidos-durante-carregamento-firefox\error-context.md]]
]]>
</system-out>
</testcase>
<testcase name="Smoke Tests - Autenticação e Navegação @smoke › Performance headers presentes nas rotas principais" classname="smoke-auth-nav.spec.ts" time="10.23">
<failure message="smoke-auth-nav.spec.ts:62:7 Performance headers presentes nas rotas principais" type="FAILURE">
<![CDATA[  [firefox] › smoke-auth-nav.spec.ts:62:7 › Smoke Tests - Autenticação e Navegação @smoke › Performance headers presentes nas rotas principais 

    Error: page.goto: NS_ERROR_REDIRECT_LOOP
    Call log:
      - navigating to "http://localhost:3000/app/students", waiting until "load"


      65 |     await page.waitForLoadState('networkidle');
      66 |     
    > 67 |     await page.goto('/app/students');
         |                ^
      68 |     await page.waitForLoadState('networkidle');
      69 |     
      70 |     await page.goto('/app/kanban');
        at C:\Projetos\Organizacao10x\web\tests\e2e\specs\smoke-auth-nav.spec.ts:67:16

    attachment #1: screenshot (image/png) ──────────────────────────────────────────────────────────
    ..\..\..\test-results\smoke-auth-nav-Smoke-Tests-fa077-sentes-nas-rotas-principais-firefox\test-failed-1.png
    ────────────────────────────────────────────────────────────────────────────────────────────────

    attachment #2: video (video/webm) ──────────────────────────────────────────────────────────────
    ..\..\..\test-results\smoke-auth-nav-Smoke-Tests-fa077-sentes-nas-rotas-principais-firefox\video.webm
    ────────────────────────────────────────────────────────────────────────────────────────────────

    Error Context: ..\..\..\test-results\smoke-auth-nav-Smoke-Tests-fa077-sentes-nas-rotas-principais-firefox\error-context.md
]]>
</failure>
<system-out>
<![CDATA[
[[ATTACHMENT|smoke-auth-nav-Smoke-Tests-fa077-sentes-nas-rotas-principais-firefox\test-failed-1.png]]

[[ATTACHMENT|smoke-auth-nav-Smoke-Tests-fa077-sentes-nas-rotas-principais-firefox\video.webm]]

[[ATTACHMENT|smoke-auth-nav-Smoke-Tests-fa077-sentes-nas-rotas-principais-firefox\error-context.md]]
]]>
</system-out>
</testcase>
</testsuite>
</testsuites>